 AM_HOR,AH_HOR   3000.00000000000        3000.00000000000     
Domain Information
  Horizontal domain: nx =    360
                     ny =    218
  Vertical   domain: km =     30
  Number of tracers: ntra      2
  Block size:  nx_block =     49
               ny_block =     41
  Processors for baroclinic:     48
  Processors for barotropic:     48
  Distribution for baroclinic:   balanced
  Distribution for barotropic:  cartesian
  Number of ghost cells:  2
  horiz_grid_file, vert_grid_file, topography_file, horiz_grid_opt, basin_grid_f
 ile
 grid.da                                                                        
                                                                                
                                                                                
                    
 depth.da                                                                       
                                                                                
                                                                                
                    
 kmt.da                                                                         
                                                                                
                                                                                
                    
 tripole                                                                        
                                                                                
                                                                                
                    
 Basin.data                                                                     
                                                                                
                                                                                
                    
 Active Ocean blocks:     48
 Grid options
  Reading vertical grid from file:depth.da
 Reading topography from file:kmt.da
 
 # surface (T,U) points       54007       52051
 # ocean   (T,U) points     1409173     1343441
 T-area,   U-area   (km^2)    3.603362028865893E+08    3.462164880454556E+08
 T-volume, U-volume (km^3)    1.400070506349765E+09    1.285068791107251E+09
 
 into ssavelonlat
 ok generate,ncid=       65536           1
 begin define basin
 OK define basin
 OK latx
 OK define lat
 Beginning------GRIDS !
 END------------GRIDS !
 Beginning------RDRIVER! 
 END-----------RDRIVER!
 BEGINNING-----INIRUN !
 END-----------INIRUN !
 month,number_month,mm_licom           1          25           1
  
  
 ************************************
 ************************************
 Turbulence calculated by turb_2gi1b 040217 version.
 ************************************
 nmodel=           1
 ************************************
 ************************************
  
  
  
 ************************************
 Dubovikov Internal wave constants for background.
 Ratio of Background to Critical ra_r [\\equiv ({Ri_T}^2 + {Ri_C}^2)^(1/2)]
  0.850000000000000     
 Lengthscale, del_0/(cm) =   500.000000000000     
 Lengthscale, l_0/(cm) =   100.826316109743     
 ************************************
  
  
  
  
 ************************************************
  
 New Temperature-Salinity Model
  
 ************************************
 ************************************
 ifsali=           1
 ifsalback=           5
 ifzeroshear= T
 ilomega=           0
 amldminlom=   50000.0000000000     
  
 icondear=           0
 Ye Cheng's old Deardorff:modify l and \tau N leaving S_X unmodified.
  
 ifepson2=           2
 epsilon/(N^2) used even for strong mixing beneath weak mixing
 ifdeeplat=           1
 Use latitude dependence of interior ocean value of \\epsilon/N^2
 eplatidependmin=  7.000000000000001E-002
 epson2__=  0.288000000000000     
 ifbotenhance=           0
 ifrafgmax=           1
  
 ifbg_theta_interp=           1
  
  
 ***********************************************
 ifexpabstable=           1
 ifastexpabs=           1
 ***********************************************
  
     i          rib(i)          ridb(i)     irimax(i)  
  
 irid       Ri_d        Ri(irimax)  S_M        S_H        S_S        S_M/S_H    
 S_S/S_H    
    
    
    
    
 R_r_Crit+ = -0.626337153599696     
 R_r_Crit- =  -1.59658419471491     
 \\theta_r_Crit+ = -0.559560286190896     
 \\theta_r_Crit- =   2.13035661298579     
 \\theta_r_Crit+ in degrees =  -32.0604427818708     
 \\theta_r_Crit- in degrees =   122.060442781871     
    
    
  
  
 S_S/S_H at pre-maximum Ri as a function of\\theta_r \\equiv Arctan(Ri_C/Ri_T)
 Arbitrarily show the absurd value -99.999
 at angles where do not have a maximum Ri (or radius ra_r).
  
   \\th_r ^o  ra_r        Ri_T        Ri_C        Ri         Ri_d         S_M   
     S_H       S_S      S_S/S_H  
  
 Values at background ra_r=(Ri_T^2 + Ri_C^2)^(1/2)
 \\th_r ^o   ra_r       Ri_T       Ri_C       Ri         Ri_d       (Sl/q)^2   S
 _M       S_H       S_S       S_S/S_H  
  
  
 ************************************************
  
 ************************************************
 index (N_d^2)/(N^2)  -(\\tau N)^2    S_M            S_H            S_S         
    
  
  
 ************************************************
  
  
In LICOM core
KM = 30, JMT = 41, IMT = 49
NY_BLOCK = 41, NX_BLOCK = 49
block ib = 3, ie = 47, jb = 3, je = 39
Create the data struct of POP Halo in C/C++ code done.
********************************
stepon begin, version: 100km (Kokkos)
Initialize Kokkos Views done.
Initialize jra daily in Kokkos code done.
Host Serial Execution Space:
  KOKKOS_ENABLE_SERIAL: yes
Kokkos atomics disabled

Serial Runtime Configuration:
Host Serial Execution Space:
  KOKKOS_ENABLE_SERIAL: yes
Kokkos atomics disabled

Serial Runtime Configuration:
Kokkos and jra initialize time: 0.010 s
========================
test-mm: imd = 31, mon0 = 1, month = 1
-------------------------------------
jra daily, irec = 1
jra_daily time: 0.635 s
stepon time: 5.454 s (SYPD: 43.40), loops: 60
 Mass Imbalance :  -2147483648 -2.147483648000000E-013
 in instant,iday=,imd=,mon0=, nwmf=, rest_freq=            1          31
           1           3           1
 in instant,write_restart T
 fname=fort.22.0003-01-02
write_file time: 0.115 s
day: 6.217 s, SYPD: 38.08 , MM: 1, iday: 1
-------------------------------------
jra daily, irec = 2
jra_daily time: 0.619 s
stepon time: 6.558 s (SYPD: 36.10), loops: 60
 Mass Imbalance :  -2147483648 -2.147483648000000E-013
 in instant,iday=,imd=,mon0=, nwmf=, rest_freq=            2          31
           1           3           1
 in instant,write_restart T
 fname=fort.22.0003-01-03
write_file time: 0.098 s
day: 7.286 s, SYPD: 32.49 , MM: 1, iday: 2
